# JRE version: Java(TM) SE Runtime Environment (8.0_91-b14) (build 1.8.0_91-b14)
# Java VM: Java HotSpot(TM) 64-Bit Server VM (25.91-b14 mixed mode windows-amd64 compressed oops)
Heap:
 PSYoungGen      total 231424K, used 78630K [0x00000000d5d80000, 0x00000000e8380000, 0x0000000100000000)
  eden space 214016K, 28% used [0x00000000d5d80000,0x00000000d994bc98,0x00000000e2e80000)
  from space 17408K, 99% used [0x00000000e7280000,0x00000000e837dec0,0x00000000e8380000)
  to   space 21504K, 0% used [0x00000000e5980000,0x00000000e5980000,0x00000000e6e80000)
 ParOldGen       total 82432K, used 26481K [0x0000000081800000, 0x0000000086880000, 0x00000000d5d80000)
  object space 82432K, 32% used [0x0000000081800000,0x00000000831dc400,0x0000000086880000)
 Metaspace       used 28274K, capacity 29036K, committed 29312K, reserved 1075200K
  class space    used 3365K, capacity 3661K, committed 3712K, reserved 1048576K
GC Heap History (10 events):
Event: 3.579 GC heap before
{Heap before GC invocations=3 (full 0):
 PSYoungGen      total 71680K, used 71653K [0x00000000d5d80000, 0x00000000da880000, 0x0000000100000000)
  eden space 66560K, 100% used [0x00000000d5d80000,0x00000000d9e80000,0x00000000d9e80000)
  from space 5120K, 99% used [0x00000000da380000,0x00000000da879748,0x00000000da880000)
  to   space 5120K, 0% used [0x00000000d9e80000,0x00000000d9e80000,0x00000000da380000)
 ParOldGen       total 87552K, used 2462K [0x0000000081800000, 0x0000000086d80000, 0x00000000d5d80000)
  object space 87552K, 2% used [0x0000000081800000,0x0000000081a67818,0x0000000086d80000)
 Metaspace       used 14840K, capacity 15098K, committed 15232K, reserved 1062912K
  class space    used 1797K, capacity 1881K, committed 1920K, reserved 1048576K
Event: 3.599 GC heap after
Heap after GC invocations=3 (full 0):
 PSYoungGen      total 71680K, used 5097K [0x00000000d5d80000, 0x00000000de980000, 0x0000000100000000)
  eden space 66560K, 0% used [0x00000000d5d80000,0x00000000d5d80000,0x00000000d9e80000)
  from space 5120K, 99% used [0x00000000d9e80000,0x00000000da37a630,0x00000000da380000)
  to   space 5120K, 0% used [0x00000000de480000,0x00000000de480000,0x00000000de980000)
 ParOldGen       total 87552K, used 9202K [0x0000000081800000, 0x0000000086d80000, 0x00000000d5d80000)
  object space 87552K, 10% used [0x0000000081800000,0x00000000820fc868,0x0000000086d80000)
 Metaspace       used 14840K, capacity 15098K, committed 15232K, reserved 1062912K
  class space    used 1797K, capacity 1881K, committed 1920K, reserved 1048576K
}
Event: 5.005 GC heap before
{Heap before GC invocations=4 (full 0):
 PSYoungGen      total 71680K, used 71657K [0x00000000d5d80000, 0x00000000de980000, 0x0000000100000000)
  eden space 66560K, 100% used [0x00000000d5d80000,0x00000000d9e80000,0x00000000d9e80000)
  from space 5120K, 99% used [0x00000000d9e80000,0x00000000da37a630,0x00000000da380000)
  to   space 5120K, 0% used [0x00000000de480000,0x00000000de480000,0x00000000de980000)
 ParOldGen       total 87552K, used 9202K [0x0000000081800000, 0x0000000086d80000, 0x00000000d5d80000)
  object space 87552K, 10% used [0x0000000081800000,0x00000000820fc868,0x0000000086d80000)
 Metaspace       used 15297K, capacity 15620K, committed 15744K, reserved 1062912K
  class space    used 1817K, capacity 1920K, committed 1920K, reserved 1048576K
Event: 5.110 GC heap after
Heap after GC invocations=4 (full 0):
 PSYoungGen      total 138240K, used 5113K [0x00000000d5d80000, 0x00000000de980000, 0x0000000100000000)
  eden space 133120K, 0% used [0x00000000d5d80000,0x00000000d5d80000,0x00000000ddf80000)
  from space 5120K, 99% used [0x00000000de480000,0x00000000de97e640,0x00000000de980000)
  to   space 5120K, 0% used [0x00000000ddf80000,0x00000000ddf80000,0x00000000de480000)
 ParOldGen       total 87552K, used 16366K [0x0000000081800000, 0x0000000086d80000, 0x00000000d5d80000)
  object space 87552K, 18% used [0x0000000081800000,0x00000000827fb870,0x0000000086d80000)
 Metaspace       used 15297K, capacity 15620K, committed 15744K, reserved 1062912K
  class space    used 1817K, capacity 1920K, committed 1920K, reserved 1048576K
}
Event: 7.792 GC heap before
{Heap before GC invocations=5 (full 0):
 PSYoungGen      total 138240K, used 103154K [0x00000000d5d80000, 0x00000000de980000, 0x0000000100000000)
  eden space 133120K, 73% used [0x00000000d5d80000,0x00000000dbd3e4d0,0x00000000ddf80000)
  from space 5120K, 99% used [0x00000000de480000,0x00000000de97e640,0x00000000de980000)
  to   space 5120K, 0% used [0x00000000ddf80000,0x00000000ddf80000,0x00000000de480000)
 ParOldGen       total 87552K, used 16366K [0x0000000081800000, 0x0000000086d80000, 0x00000000d5d80000)
  object space 87552K, 18% used [0x0000000081800000,0x00000000827fb870,0x0000000086d80000)
 Metaspace       used 20716K, capacity 21186K, committed 21296K, reserved 1069056K
  class space    used 2486K, capacity 2649K, committed 2688K, reserved 1048576K
Event: 8.117 GC heap after
Heap after GC invocations=5 (full 0):
 PSYoungGen      total 138240K, used 5113K [0x00000000d5d80000, 0x00000000e8380000, 0x0000000100000000)
  eden space 133120K, 0% used [0x00000000d5d80000,0x00000000d5d80000,0x00000000ddf80000)
  from space 5120K, 99% used [0x00000000ddf80000,0x00000000de47e640,0x00000000de480000)
  to   space 17408K, 0% used [0x00000000e7280000,0x00000000e7280000,0x00000000e8380000)
 ParOldGen       total 87552K, used 25117K [0x0000000081800000, 0x0000000086d80000, 0x00000000d5d80000)
  object space 87552K, 28% used [0x0000000081800000,0x00000000830877b8,0x0000000086d80000)
 Metaspace       used 20716K, capacity 21186K, committed 21296K, reserved 1069056K
  class space    used 2486K, capacity 2649K, committed 2688K, reserved 1048576K
}
Event: 8.117 GC heap before
{Heap before GC invocations=6 (full 1):
 PSYoungGen      total 138240K, used 5113K [0x00000000d5d80000, 0x00000000e8380000, 0x0000000100000000)
  eden space 133120K, 0% used [0x00000000d5d80000,0x00000000d5d80000,0x00000000ddf80000)
  from space 5120K, 99% used [0x00000000ddf80000,0x00000000de47e640,0x00000000de480000)
  to   space 17408K, 0% used [0x00000000e7280000,0x00000000e7280000,0x00000000e8380000)
 ParOldGen       total 87552K, used 25117K [0x0000000081800000, 0x0000000086d80000, 0x00000000d5d80000)
  object space 87552K, 28% used [0x0000000081800000,0x00000000830877b8,0x0000000086d80000)
 Metaspace       used 20716K, capacity 21186K, committed 21296K, reserved 1069056K
  class space    used 2486K, capacity 2649K, committed 2688K, reserved 1048576K
Event: 8.327 GC heap after
Heap after GC invocations=6 (full 1):
 PSYoungGen      total 138240K, used 0K [0x00000000d5d80000, 0x00000000e8380000, 0x0000000100000000)
  eden space 133120K, 0% used [0x00000000d5d80000,0x00000000d5d80000,0x00000000ddf80000)
  from space 5120K, 0% used [0x00000000ddf80000,0x00000000ddf80000,0x00000000de480000)
  to   space 17408K, 0% used [0x00000000e7280000,0x00000000e7280000,0x00000000e8380000)
 ParOldGen       total 82432K, used 24837K [0x0000000081800000, 0x0000000086880000, 0x00000000d5d80000)
  object space 82432K, 30% used [0x0000000081800000,0x0000000083041418,0x0000000086880000)
 Metaspace       used 20716K, capacity 21186K, committed 21296K, reserved 1069056K
  class space    used 2486K, capacity 2649K, committed 2688K, reserved 1048576K
}
Event: 12.462 GC heap before
{Heap before GC invocations=7 (full 1):
 PSYoungGen      total 138240K, used 133120K [0x00000000d5d80000, 0x00000000e8380000, 0x0000000100000000)
  eden space 133120K, 100% used [0x00000000d5d80000,0x00000000ddf80000,0x00000000ddf80000)
  from space 5120K, 0% used [0x00000000ddf80000,0x00000000ddf80000,0x00000000de480000)
  to   space 17408K, 0% used [0x00000000e7280000,0x00000000e7280000,0x00000000e8380000)
 ParOldGen       total 82432K, used 24837K [0x0000000081800000, 0x0000000086880000, 0x00000000d5d80000)
  object space 82432K, 30% used [0x0000000081800000,0x0000000083041418,0x0000000086880000)
 Metaspace       used 25452K, capacity 26102K, committed 26368K, reserved 1073152K
  class space    used 2989K, capacity 3214K, committed 3328K, reserved 1048576K
Event: 12.503 GC heap after
Heap after GC invocations=7 (full 1):
 PSYoungGen      total 231424K, used 17399K [0x00000000d5d80000, 0x00000000e8380000, 0x0000000100000000)
  eden space 214016K, 0% used [0x00000000d5d80000,0x00000000d5d80000,0x00000000e2e80000)
  from space 17408K, 99% used [0x00000000e7280000,0x00000000e837dec0,0x00000000e8380000)
  to   space 21504K, 0% used [0x00000000e5980000,0x00000000e5980000,0x00000000e6e80000)
 ParOldGen       total 82432K, used 26481K [0x0000000081800000, 0x0000000086880000, 0x00000000d5d80000)
  object space 82432K, 32% used [0x0000000081800000,0x00000000831dc400,0x0000000086880000)
 Metaspace       used 25452K, capacity 26102K, committed 26368K, reserved 1073152K
  class space    used 2989K, capacity 3214K, committed 3328K, reserved 1048576K
}

